0 silly input [ 'test' ]
1 silly flags { _: [ 'run' ],
1 silly flags   'reject-cycles': false,
1 silly flags   rejectCycles: false,
1 silly flags   script: 'test',
1 silly flags   args: [] }
2 verbose rootPath C:\development\aurelia\framework
3 info version 2.5.1
4 silly existsSync C:\development\aurelia\framework\VERSION
5 silly initialize attempt
6 silly initialize success
7 silly execute attempt
8 silly runScriptInDir test [] framework
9 silly getExecOpts { cwd: 'C:\\development\\aurelia\\framework\\packages\\framework' }
10 error test Errored while running script in '@aurelia/framework'
11 error execute callback with error
12 error Error: Command failed: npm run test
12 error npm ERR! code ELIFECYCLE
12 error npm ERR! errno 2
12 error npm ERR! @aurelia/framework@1.1.5 test: `cross-env rimraf dist && tsc && karma start --single-run`
12 error npm ERR! Exit status 2
12 error npm ERR!
12 error npm ERR! Failed at the @aurelia/framework@1.1.5 test script.
12 error npm ERR! This is probably not a problem with npm. There is likely additional logging output above.
12 error
12 error npm ERR! A complete log of this run can be found in:
12 error npm ERR!     C:\Users\zach.hollingshead\AppData\Roaming\npm-cache\_logs\2018-01-10T18_36_40_703Z-debug.log
12 error
12 error > @aurelia/framework@1.1.5 pretest C:\development\aurelia\framework\packages\framework
12 error > cross-env npm run lint
12 error
12 error
12 error > @aurelia/framework@1.1.5 lint C:\development\aurelia\framework\packages\framework
12 error > cross-env tslint --project tsconfig.json
12 error
12 error
12 error > @aurelia/framework@1.1.5 test C:\development\aurelia\framework\packages\framework
12 error > cross-env rimraf dist && tsc && karma start --single-run
12 error
12 error test/aurelia.spec.ts(85,22): error TS7027: Unreachable code detected.
12 error
12 error     at Promise.all.then.arr (c:\Users\zach.hollingshead\AppData\Roaming\npm\node_modules\lerna\node_modules\execa\index.js:236:11)
12 error     at <anonymous>
